mode: set
github.com/22Fariz22/passbook/server/internal/session/usecase/usecase.go:17.103,19.2 1 1
github.com/22Fariz22/passbook/server/internal/session/usecase/usecase.go:22.109,24.2 1 1
github.com/22Fariz22/passbook/server/internal/session/usecase/usecase.go:27.77,29.2 1 1
github.com/22Fariz22/passbook/server/internal/session/usecase/usecase.go:32.100,34.2 1 1
github.com/22Fariz22/passbook/server/internal/session/repository/redis_repository.go:29.97,31.2 1 1
github.com/22Fariz22/passbook/server/internal/session/repository/redis_repository.go:34.108,40.16 5 1
github.com/22Fariz22/passbook/server/internal/session/repository/redis_repository.go:40.16,42.3 1 0
github.com/22Fariz22/passbook/server/internal/session/repository/redis_repository.go:43.2,43.110 1 1
github.com/22Fariz22/passbook/server/internal/session/repository/redis_repository.go:43.110,46.3 2 0
github.com/22Fariz22/passbook/server/internal/session/repository/redis_repository.go:47.2,47.28 1 1
github.com/22Fariz22/passbook/server/internal/session/repository/redis_repository.go:51.102,53.16 2 1
github.com/22Fariz22/passbook/server/internal/session/repository/redis_repository.go:53.16,55.3 1 0
github.com/22Fariz22/passbook/server/internal/session/repository/redis_repository.go:57.2,58.56 2 1
github.com/22Fariz22/passbook/server/internal/session/repository/redis_repository.go:58.56,60.3 1 0
github.com/22Fariz22/passbook/server/internal/session/repository/redis_repository.go:61.2,61.18 1 1
github.com/22Fariz22/passbook/server/internal/session/repository/redis_repository.go:65.79,66.77 1 1
github.com/22Fariz22/passbook/server/internal/session/repository/redis_repository.go:66.77,68.3 1 0
github.com/22Fariz22/passbook/server/internal/session/repository/redis_repository.go:69.2,69.12 1 1
github.com/22Fariz22/passbook/server/internal/session/repository/redis_repository.go:72.58,74.2 1 1
github.com/22Fariz22/passbook/server/internal/user/delivery/grpc/service/handlers.go:20.125,22.16 2 1
github.com/22Fariz22/passbook/server/internal/user/delivery/grpc/service/handlers.go:22.16,25.3 2 0
github.com/22Fariz22/passbook/server/internal/user/delivery/grpc/service/handlers.go:27.2,27.56 1 1
github.com/22Fariz22/passbook/server/internal/user/delivery/grpc/service/handlers.go:27.56,30.3 2 0
github.com/22Fariz22/passbook/server/internal/user/delivery/grpc/service/handlers.go:32.2,33.16 2 1
github.com/22Fariz22/passbook/server/internal/user/delivery/grpc/service/handlers.go:33.16,36.3 2 0
github.com/22Fariz22/passbook/server/internal/user/delivery/grpc/service/handlers.go:38.2,38.82 1 1
github.com/22Fariz22/passbook/server/internal/user/delivery/grpc/service/handlers.go:42.116,46.16 3 1
github.com/22Fariz22/passbook/server/internal/user/delivery/grpc/service/handlers.go:46.16,49.3 2 0
github.com/22Fariz22/passbook/server/internal/user/delivery/grpc/service/handlers.go:51.2,54.16 2 1
github.com/22Fariz22/passbook/server/internal/user/delivery/grpc/service/handlers.go:54.16,57.3 2 0
github.com/22Fariz22/passbook/server/internal/user/delivery/grpc/service/handlers.go:59.2,59.92 1 1
github.com/22Fariz22/passbook/server/internal/user/delivery/grpc/service/handlers.go:63.134,67.16 3 1
github.com/22Fariz22/passbook/server/internal/user/delivery/grpc/service/handlers.go:67.16,70.3 2 0
github.com/22Fariz22/passbook/server/internal/user/delivery/grpc/service/handlers.go:72.2,72.78 1 1
github.com/22Fariz22/passbook/server/internal/user/delivery/grpc/service/handlers.go:76.125,78.16 2 1
github.com/22Fariz22/passbook/server/internal/user/delivery/grpc/service/handlers.go:78.16,81.3 2 0
github.com/22Fariz22/passbook/server/internal/user/delivery/grpc/service/handlers.go:83.2,84.16 2 1
github.com/22Fariz22/passbook/server/internal/user/delivery/grpc/service/handlers.go:84.16,87.3 2 0
github.com/22Fariz22/passbook/server/internal/user/delivery/grpc/service/handlers.go:89.2,89.75 1 1
github.com/22Fariz22/passbook/server/internal/user/delivery/grpc/service/handlers.go:93.116,95.16 2 0
github.com/22Fariz22/passbook/server/internal/user/delivery/grpc/service/handlers.go:95.16,98.3 2 0
github.com/22Fariz22/passbook/server/internal/user/delivery/grpc/service/handlers.go:100.2,101.16 2 0
github.com/22Fariz22/passbook/server/internal/user/delivery/grpc/service/handlers.go:101.16,103.32 2 0
github.com/22Fariz22/passbook/server/internal/user/delivery/grpc/service/handlers.go:103.32,105.4 1 0
github.com/22Fariz22/passbook/server/internal/user/delivery/grpc/service/handlers.go:106.3,106.103 1 0
github.com/22Fariz22/passbook/server/internal/user/delivery/grpc/service/handlers.go:109.2,110.16 2 0
github.com/22Fariz22/passbook/server/internal/user/delivery/grpc/service/handlers.go:110.16,113.3 2 0
github.com/22Fariz22/passbook/server/internal/user/delivery/grpc/service/handlers.go:115.2,115.72 1 0
github.com/22Fariz22/passbook/server/internal/user/delivery/grpc/service/handlers.go:119.125,121.16 2 0
github.com/22Fariz22/passbook/server/internal/user/delivery/grpc/service/handlers.go:121.16,124.3 2 0
github.com/22Fariz22/passbook/server/internal/user/delivery/grpc/service/handlers.go:125.2,125.57 1 0
github.com/22Fariz22/passbook/server/internal/user/delivery/grpc/service/handlers.go:125.57,129.3 3 0
github.com/22Fariz22/passbook/server/internal/user/delivery/grpc/service/handlers.go:131.2,131.43 1 0
github.com/22Fariz22/passbook/server/internal/user/delivery/grpc/service/handlers.go:135.137,137.16 2 0
github.com/22Fariz22/passbook/server/internal/user/delivery/grpc/service/handlers.go:137.16,139.3 1 0
github.com/22Fariz22/passbook/server/internal/user/delivery/grpc/service/handlers.go:141.2,142.16 2 0
github.com/22Fariz22/passbook/server/internal/user/delivery/grpc/service/handlers.go:142.16,144.3 1 0
github.com/22Fariz22/passbook/server/internal/user/delivery/grpc/service/handlers.go:146.2,146.17 1 0
github.com/22Fariz22/passbook/server/internal/user/delivery/grpc/service/handlers.go:150.128,152.16 2 0
github.com/22Fariz22/passbook/server/internal/user/delivery/grpc/service/handlers.go:152.16,154.3 1 0
github.com/22Fariz22/passbook/server/internal/user/delivery/grpc/service/handlers.go:156.2,157.16 2 0
github.com/22Fariz22/passbook/server/internal/user/delivery/grpc/service/handlers.go:157.16,159.3 1 0
github.com/22Fariz22/passbook/server/internal/user/delivery/grpc/service/handlers.go:161.2,161.17 1 0
github.com/22Fariz22/passbook/server/internal/user/delivery/grpc/service/handlers.go:165.134,167.16 2 0
github.com/22Fariz22/passbook/server/internal/user/delivery/grpc/service/handlers.go:167.16,169.3 1 0
github.com/22Fariz22/passbook/server/internal/user/delivery/grpc/service/handlers.go:171.2,172.16 2 0
github.com/22Fariz22/passbook/server/internal/user/delivery/grpc/service/handlers.go:172.16,174.3 1 0
github.com/22Fariz22/passbook/server/internal/user/delivery/grpc/service/handlers.go:176.2,176.17 1 0
github.com/22Fariz22/passbook/server/internal/user/delivery/grpc/service/handlers.go:180.128,182.16 2 0
github.com/22Fariz22/passbook/server/internal/user/delivery/grpc/service/handlers.go:182.16,184.3 1 0
github.com/22Fariz22/passbook/server/internal/user/delivery/grpc/service/handlers.go:186.2,187.16 2 0
github.com/22Fariz22/passbook/server/internal/user/delivery/grpc/service/handlers.go:187.16,189.3 1 0
github.com/22Fariz22/passbook/server/internal/user/delivery/grpc/service/handlers.go:191.2,191.17 1 0
github.com/22Fariz22/passbook/server/internal/user/delivery/grpc/service/handlers.go:195.137,197.16 2 0
github.com/22Fariz22/passbook/server/internal/user/delivery/grpc/service/handlers.go:197.16,199.3 1 0
github.com/22Fariz22/passbook/server/internal/user/delivery/grpc/service/handlers.go:201.2,202.16 2 0
github.com/22Fariz22/passbook/server/internal/user/delivery/grpc/service/handlers.go:202.16,204.3 1 0
github.com/22Fariz22/passbook/server/internal/user/delivery/grpc/service/handlers.go:206.2,206.57 1 0
github.com/22Fariz22/passbook/server/internal/user/delivery/grpc/service/handlers.go:210.140,212.16 2 0
github.com/22Fariz22/passbook/server/internal/user/delivery/grpc/service/handlers.go:212.16,214.3 1 0
github.com/22Fariz22/passbook/server/internal/user/delivery/grpc/service/handlers.go:216.2,217.16 2 0
github.com/22Fariz22/passbook/server/internal/user/delivery/grpc/service/handlers.go:217.16,219.3 1 0
github.com/22Fariz22/passbook/server/internal/user/delivery/grpc/service/handlers.go:221.2,221.58 1 0
github.com/22Fariz22/passbook/server/internal/user/delivery/grpc/service/handlers.go:224.101,230.50 2 1
github.com/22Fariz22/passbook/server/internal/user/delivery/grpc/service/handlers.go:230.50,232.3 1 0
github.com/22Fariz22/passbook/server/internal/user/delivery/grpc/service/handlers.go:234.2,234.23 1 1
github.com/22Fariz22/passbook/server/internal/user/delivery/grpc/service/handlers.go:237.78,244.2 2 1
github.com/22Fariz22/passbook/server/internal/user/delivery/grpc/service/handlers.go:246.81,248.9 2 0
github.com/22Fariz22/passbook/server/internal/user/delivery/grpc/service/handlers.go:248.9,250.3 1 0
github.com/22Fariz22/passbook/server/internal/user/delivery/grpc/service/handlers.go:252.2,253.24 2 0
github.com/22Fariz22/passbook/server/internal/user/delivery/grpc/service/handlers.go:253.24,255.3 1 0
github.com/22Fariz22/passbook/server/internal/user/delivery/grpc/service/handlers.go:257.2,257.26 1 0
github.com/22Fariz22/passbook/server/internal/user/delivery/grpc/service/handlers.go:260.94,262.16 2 0
github.com/22Fariz22/passbook/server/internal/user/delivery/grpc/service/handlers.go:262.16,265.3 2 0
github.com/22Fariz22/passbook/server/internal/user/delivery/grpc/service/handlers.go:267.2,268.16 2 0
github.com/22Fariz22/passbook/server/internal/user/delivery/grpc/service/handlers.go:268.16,270.32 2 0
github.com/22Fariz22/passbook/server/internal/user/delivery/grpc/service/handlers.go:270.32,272.4 1 0
github.com/22Fariz22/passbook/server/internal/user/delivery/grpc/service/handlers.go:273.3,273.103 1 0
github.com/22Fariz22/passbook/server/internal/user/delivery/grpc/service/handlers.go:275.2,275.21 1 0
github.com/22Fariz22/passbook/server/internal/user/delivery/grpc/service/service.go:20.136,28.2 1 1
github.com/22Fariz22/passbook/server/internal/user/repository/pg_repository.go:25.55,27.2 1 1
github.com/22Fariz22/passbook/server/internal/user/repository/pg_repository.go:30.95,37.40 2 1
github.com/22Fariz22/passbook/server/internal/user/repository/pg_repository.go:37.40,39.3 1 0
github.com/22Fariz22/passbook/server/internal/user/repository/pg_repository.go:41.2,41.25 1 1
github.com/22Fariz22/passbook/server/internal/user/repository/pg_repository.go:45.95,47.76 2 1
github.com/22Fariz22/passbook/server/internal/user/repository/pg_repository.go:47.76,49.3 1 0
github.com/22Fariz22/passbook/server/internal/user/repository/pg_repository.go:51.2,51.18 1 1
github.com/22Fariz22/passbook/server/internal/user/repository/pg_repository.go:55.96,57.74 2 1
github.com/22Fariz22/passbook/server/internal/user/repository/pg_repository.go:57.74,59.3 1 0
github.com/22Fariz22/passbook/server/internal/user/repository/pg_repository.go:61.2,61.18 1 1
github.com/22Fariz22/passbook/server/internal/user/repository/pg_repository.go:65.119,70.16 4 1
github.com/22Fariz22/passbook/server/internal/user/repository/pg_repository.go:70.16,72.3 1 0
github.com/22Fariz22/passbook/server/internal/user/repository/pg_repository.go:73.2,73.12 1 1
github.com/22Fariz22/passbook/server/internal/user/repository/pg_repository.go:77.113,81.16 3 1
github.com/22Fariz22/passbook/server/internal/user/repository/pg_repository.go:81.16,83.3 1 0
github.com/22Fariz22/passbook/server/internal/user/repository/pg_repository.go:84.2,84.12 1 1
github.com/22Fariz22/passbook/server/internal/user/repository/pg_repository.go:88.117,90.16 2 1
github.com/22Fariz22/passbook/server/internal/user/repository/pg_repository.go:90.16,92.3 1 0
github.com/22Fariz22/passbook/server/internal/user/repository/pg_repository.go:93.2,93.12 1 1
github.com/22Fariz22/passbook/server/internal/user/repository/pg_repository.go:97.113,110.16 6 1
github.com/22Fariz22/passbook/server/internal/user/repository/pg_repository.go:110.16,112.3 1 0
github.com/22Fariz22/passbook/server/internal/user/repository/pg_repository.go:113.2,113.12 1 1
github.com/22Fariz22/passbook/server/internal/user/repository/pg_repository.go:117.131,128.16 7 1
github.com/22Fariz22/passbook/server/internal/user/repository/pg_repository.go:128.16,130.3 1 0
github.com/22Fariz22/passbook/server/internal/user/repository/pg_repository.go:131.2,131.29 1 1
github.com/22Fariz22/passbook/server/internal/user/repository/pg_repository.go:131.29,135.3 3 1
github.com/22Fariz22/passbook/server/internal/user/repository/pg_repository.go:138.2,139.16 2 1
github.com/22Fariz22/passbook/server/internal/user/repository/pg_repository.go:139.16,141.3 1 0
github.com/22Fariz22/passbook/server/internal/user/repository/pg_repository.go:143.2,143.26 1 1
github.com/22Fariz22/passbook/server/internal/user/repository/pg_repository.go:143.26,146.3 2 1
github.com/22Fariz22/passbook/server/internal/user/repository/pg_repository.go:149.2,150.16 2 1
github.com/22Fariz22/passbook/server/internal/user/repository/pg_repository.go:150.16,152.3 1 0
github.com/22Fariz22/passbook/server/internal/user/repository/pg_repository.go:153.2,153.26 1 1
github.com/22Fariz22/passbook/server/internal/user/repository/pg_repository.go:153.26,161.3 5 1
github.com/22Fariz22/passbook/server/internal/user/repository/pg_repository.go:164.2,165.16 2 1
github.com/22Fariz22/passbook/server/internal/user/repository/pg_repository.go:165.16,167.3 1 0
github.com/22Fariz22/passbook/server/internal/user/repository/pg_repository.go:168.2,168.29 1 1
github.com/22Fariz22/passbook/server/internal/user/repository/pg_repository.go:168.29,170.3 1 1
github.com/22Fariz22/passbook/server/internal/user/repository/pg_repository.go:172.2,172.31 1 1
github.com/22Fariz22/passbook/server/internal/user/repository/pg_repository.go:176.92,187.16 7 1
github.com/22Fariz22/passbook/server/internal/user/repository/pg_repository.go:187.16,189.3 1 0
github.com/22Fariz22/passbook/server/internal/user/repository/pg_repository.go:190.2,190.29 1 1
github.com/22Fariz22/passbook/server/internal/user/repository/pg_repository.go:190.29,194.3 3 1
github.com/22Fariz22/passbook/server/internal/user/repository/pg_repository.go:197.2,198.16 2 1
github.com/22Fariz22/passbook/server/internal/user/repository/pg_repository.go:198.16,200.3 1 0
github.com/22Fariz22/passbook/server/internal/user/repository/pg_repository.go:201.2,201.26 1 1
github.com/22Fariz22/passbook/server/internal/user/repository/pg_repository.go:201.26,204.3 2 1
github.com/22Fariz22/passbook/server/internal/user/repository/pg_repository.go:207.2,208.16 2 1
github.com/22Fariz22/passbook/server/internal/user/repository/pg_repository.go:208.16,210.3 1 0
github.com/22Fariz22/passbook/server/internal/user/repository/pg_repository.go:211.2,211.26 1 1
github.com/22Fariz22/passbook/server/internal/user/repository/pg_repository.go:211.26,218.3 5 1
github.com/22Fariz22/passbook/server/internal/user/repository/pg_repository.go:221.2,222.16 2 1
github.com/22Fariz22/passbook/server/internal/user/repository/pg_repository.go:222.16,224.3 1 0
github.com/22Fariz22/passbook/server/internal/user/repository/pg_repository.go:225.2,225.29 1 1
github.com/22Fariz22/passbook/server/internal/user/repository/pg_repository.go:225.29,227.3 1 1
github.com/22Fariz22/passbook/server/internal/user/repository/pg_repository.go:229.2,229.32 1 1
github.com/22Fariz22/passbook/server/internal/user/repository/pg_repository.go:233.31,240.16 4 1
github.com/22Fariz22/passbook/server/internal/user/repository/pg_repository.go:240.16,242.3 1 0
github.com/22Fariz22/passbook/server/internal/user/repository/pg_repository.go:244.2,245.16 2 1
github.com/22Fariz22/passbook/server/internal/user/repository/pg_repository.go:245.16,247.3 1 0
github.com/22Fariz22/passbook/server/internal/user/repository/pg_repository.go:249.2,251.58 2 1
github.com/22Fariz22/passbook/server/internal/user/repository/pg_repository.go:251.58,253.3 1 0
github.com/22Fariz22/passbook/server/internal/user/repository/pg_repository.go:255.2,255.42 1 1
github.com/22Fariz22/passbook/server/internal/user/repository/pg_repository.go:259.40,263.16 3 1
github.com/22Fariz22/passbook/server/internal/user/repository/pg_repository.go:263.16,265.3 1 0
github.com/22Fariz22/passbook/server/internal/user/repository/pg_repository.go:267.2,268.16 2 1
github.com/22Fariz22/passbook/server/internal/user/repository/pg_repository.go:268.16,270.3 1 0
github.com/22Fariz22/passbook/server/internal/user/repository/pg_repository.go:272.2,273.33 2 1
github.com/22Fariz22/passbook/server/internal/user/repository/pg_repository.go:273.33,275.3 1 0
github.com/22Fariz22/passbook/server/internal/user/repository/pg_repository.go:277.2,279.16 3 1
github.com/22Fariz22/passbook/server/internal/user/repository/pg_repository.go:279.16,281.3 1 0
github.com/22Fariz22/passbook/server/internal/user/repository/pg_repository.go:283.2,283.26 1 1
github.com/22Fariz22/passbook/server/internal/user/repository/redis_repository.go:22.87,24.2 1 1
github.com/22Fariz22/passbook/server/internal/user/repository/redis_repository.go:27.91,29.16 2 1
github.com/22Fariz22/passbook/server/internal/user/repository/redis_repository.go:29.16,30.23 1 0
github.com/22Fariz22/passbook/server/internal/user/repository/redis_repository.go:30.23,32.4 1 0
github.com/22Fariz22/passbook/server/internal/user/repository/redis_repository.go:33.3,33.18 1 0
github.com/22Fariz22/passbook/server/internal/user/repository/redis_repository.go:35.2,36.55 2 1
github.com/22Fariz22/passbook/server/internal/user/repository/redis_repository.go:36.55,38.3 1 0
github.com/22Fariz22/passbook/server/internal/user/repository/redis_repository.go:40.2,40.18 1 1
github.com/22Fariz22/passbook/server/internal/user/repository/redis_repository.go:44.107,46.16 2 1
github.com/22Fariz22/passbook/server/internal/user/repository/redis_repository.go:46.16,48.3 1 0
github.com/22Fariz22/passbook/server/internal/user/repository/redis_repository.go:50.2,50.102 1 1
github.com/22Fariz22/passbook/server/internal/user/repository/redis_repository.go:54.78,56.2 1 1
github.com/22Fariz22/passbook/server/internal/user/repository/redis_repository.go:58.56,60.2 1 1
github.com/22Fariz22/passbook/server/internal/user/usecase/user_usecase.go:28.124,30.2 1 1
github.com/22Fariz22/passbook/server/internal/user/usecase/user_usecase.go:33.94,35.37 2 1
github.com/22Fariz22/passbook/server/internal/user/usecase/user_usecase.go:35.37,37.3 1 0
github.com/22Fariz22/passbook/server/internal/user/usecase/user_usecase.go:39.2,39.39 1 1
github.com/22Fariz22/passbook/server/internal/user/usecase/user_usecase.go:43.92,45.16 2 1
github.com/22Fariz22/passbook/server/internal/user/usecase/user_usecase.go:45.16,47.3 1 0
github.com/22Fariz22/passbook/server/internal/user/usecase/user_usecase.go:49.2,51.25 2 1
github.com/22Fariz22/passbook/server/internal/user/usecase/user_usecase.go:55.93,57.46 2 1
github.com/22Fariz22/passbook/server/internal/user/usecase/user_usecase.go:57.46,59.3 1 0
github.com/22Fariz22/passbook/server/internal/user/usecase/user_usecase.go:60.2,60.23 1 1
github.com/22Fariz22/passbook/server/internal/user/usecase/user_usecase.go:60.23,62.3 1 0
github.com/22Fariz22/passbook/server/internal/user/usecase/user_usecase.go:64.2,65.16 2 1
github.com/22Fariz22/passbook/server/internal/user/usecase/user_usecase.go:65.16,67.3 1 0
github.com/22Fariz22/passbook/server/internal/user/usecase/user_usecase.go:69.2,69.113 1 1
github.com/22Fariz22/passbook/server/internal/user/usecase/user_usecase.go:69.113,71.3 1 0
github.com/22Fariz22/passbook/server/internal/user/usecase/user_usecase.go:73.2,73.23 1 1
github.com/22Fariz22/passbook/server/internal/user/usecase/user_usecase.go:77.103,79.16 2 0
github.com/22Fariz22/passbook/server/internal/user/usecase/user_usecase.go:79.16,81.3 1 0
github.com/22Fariz22/passbook/server/internal/user/usecase/user_usecase.go:83.2,83.61 1 0
github.com/22Fariz22/passbook/server/internal/user/usecase/user_usecase.go:83.61,85.3 1 0
github.com/22Fariz22/passbook/server/internal/user/usecase/user_usecase.go:87.2,87.23 1 0
github.com/22Fariz22/passbook/server/internal/user/usecase/user_usecase.go:91.116,94.2 2 0
github.com/22Fariz22/passbook/server/internal/user/usecase/user_usecase.go:97.110,99.2 1 0
github.com/22Fariz22/passbook/server/internal/user/usecase/user_usecase.go:102.114,104.2 1 0
github.com/22Fariz22/passbook/server/internal/user/usecase/user_usecase.go:107.110,109.2 1 0
github.com/22Fariz22/passbook/server/internal/user/usecase/user_usecase.go:112.128,114.2 1 0
github.com/22Fariz22/passbook/server/internal/user/usecase/user_usecase.go:117.89,119.2 1 0
